84
23 11 493
8 61 484
100 27 470
58 81 456
12 41 453
3 49 443
90 77 441
64 30 441
55 26 437
10 16 435
33 93 417
91 80 409
56 1 402
47 4 393
82 60 386
2 38 378
28 15 350
44 48 333
88 62 315
63 67 300
13 68 292
35 87 290
59 39 247
72 42 237
99 36 231
45 43 222
94 53 210
19 40 210
32 97 199
83 76 196
74 84 196
98 5 192
69 20 184
18 85 178
37 7 169
22 24 166
25 34 143
86 6 129
29 46 113
52 70 110
9 31 94
50 79 61
92 54 59
89 17 49
73 42 48
66 78 48
21 51 47
75 71 44
96 39 40
73 62 38
92 36 36
89 68 34
66 43 33
50 15 31
95 67 31
37 46 25
96 48 23
75 53 21
21 65 15
18 6 14
33 34 14
14 70 13
69 97 11
12 4 10
100 77 9
91 87 7
58 49 7
22 60 7
21 1 6
50 38 5
9 53 4
66 40 3
98 46 3
89 87 3
18 48 2
8 49 2
95 30 1
92 38 1
66 57 1
55 60 1
23 76 1
18 77 1
10 84 1
9 97 1
